0 info it worked if it ends with ok
1 verbose cli [ '/usr/bin/node', '/usr/bin/npm', 'run', 'serve' ]
2 info using npm@3.10.10
3 info using node@v6.11.5
4 verbose run-script [ 'preserve', 'serve', 'postserve' ]
5 info lifecycle react-my-first-app@1.0.0~preserve: react-my-first-app@1.0.0
6 silly lifecycle react-my-first-app@1.0.0~preserve: no script for preserve, continuing
7 info lifecycle react-my-first-app@1.0.0~serve: react-my-first-app@1.0.0
8 verbose lifecycle react-my-first-app@1.0.0~serve: unsafe-perm in lifecycle true
9 verbose lifecycle react-my-first-app@1.0.0~serve: PATH: /usr/lib/node_modules/npm/bin/node-gyp-bin:/mnt/c/Users/Marcin/Projekty/react/react_and_redux/react-my-first-app-state/node_modules/.bin:/home/marcinkopanski/.rvm/gems/ruby-2.4.1/bin:/home/marcinkopanski/.rvm/gems/ruby-2.4.1@global/bin:/home/marcinkopanski/.rvm/rubies/ruby-2.4.1/bin:/home/marcinkopanski/bin:/home/marcinkopanski/.local/bin:/usr/local/sbin:/usr/local/bin:/usr/sbin:/usr/bin:/sbin:/bin:/usr/games:/usr/local/games:/mnt/c/ProgramData/Oracle/Java/javapath:/mnt/c/Program Files/Java/jdk1.8.0_101/bin:/mnt/c/oracle/ora92/jre/1.4.2/bin/client:/mnt/c/oracle/ora92/jre/1.4.2/bin:/mnt/c/oracle/ora92/bin:/mnt/c/Program Files (x86)/Oracle/jre/1.3.1/bin:/mnt/c/Program Files (x86)/Oracle/jre/1.1.8/bin:/mnt/c/Program Files/Apache/apache-maven-3.3.9/bin:/mnt/c/Program Files (x86)/Microsoft SQL Server/100/Tools/Binn/VSShell/Common7/IDE:/mnt/c/Program Files (x86)/Microsoft SQL Server/100/Tools/Binn:/mnt/c/Program Files (x86)/Microsoft SQL Server/100/DTS/Binn:/mnt/c/Program Files/ComputerLand/Biuro Napraw/Bn:/mnt/c/Program Files (x86)/Windows Kits/8.1/Windows Performance Toolkit:/mnt/c/Program Files/Microsoft SQL Server/110/Tools/Binn:/mnt/c/Program Files (x86)/Microsoft SDKs/TypeScript/1.0:/mnt/c/Program Files/Microsoft SQL Server/120/Tools/Binn:/mnt/c/Program Files (x86)/NVIDIA Corporation/PhysX/Common:/mnt/c/Program Files/ComputerLand/CLient/BOK:/mnt/c/Windows/System32:/mnt/c/Windows:/mnt/c/Windows/System32/wbem:/mnt/c/Windows/System32/WindowsPowerShell/v1.0:/mnt/c/Program Files/nodejs:/mnt/c/Program Files/Git/cmd:/mnt/c/Program Files (x86)/Skype/Phone:/mnt/c/Ruby24-x64/bin:/mnt/c/Users/Marcin/AppData/Local/Microsoft/WindowsApps:/mnt/c/Users/Marcin/AppData/Roaming/npm:/mnt/c/Users/Marcin/AppData/Local/atom/bin:/mnt/c/Users/Marcin/AppData/Local/GitHubDesktop/bin:/mnt/c/Users/Marcin/AppData/Local/Microsoft/WindowsApps:/snap/bin:/home/marcinkopanski/.rvm/bin:/home/marcinkopanski/.rvm/bin
10 verbose lifecycle react-my-first-app@1.0.0~serve: CWD: /mnt/c/Users/Marcin/Projekty/react/react_and_redux/react-my-first-app-state
11 silly lifecycle react-my-first-app@1.0.0~serve: Args: [ '-c',
11 silly lifecycle   'webpack-dev-server --content-base public --inline --hot' ]
12 silly lifecycle react-my-first-app@1.0.0~serve: Returned: code: 1  signal: null
13 info lifecycle react-my-first-app@1.0.0~serve: Failed to exec serve script
14 verbose stack Error: react-my-first-app@1.0.0 serve: `webpack-dev-server --content-base public --inline --hot`
14 verbose stack Exit status 1
14 verbose stack     at EventEmitter.<anonymous> (/usr/lib/node_modules/npm/lib/utils/lifecycle.js:255:16)
14 verbose stack     at emitTwo (events.js:106:13)
14 verbose stack     at EventEmitter.emit (events.js:191:7)
14 verbose stack     at ChildProcess.<anonymous> (/usr/lib/node_modules/npm/lib/utils/spawn.js:40:14)
14 verbose stack     at emitTwo (events.js:106:13)
14 verbose stack     at ChildProcess.emit (events.js:191:7)
14 verbose stack     at maybeClose (internal/child_process.js:920:16)
14 verbose stack     at Process.ChildProcess._handle.onexit (internal/child_process.js:230:5)
15 verbose pkgid react-my-first-app@1.0.0
16 verbose cwd /mnt/c/Users/Marcin/Projekty/react/react_and_redux/react-my-first-app-state
17 error Linux 4.4.0-43-Microsoft
18 error argv "/usr/bin/node" "/usr/bin/npm" "run" "serve"
19 error node v6.11.5
20 error npm  v3.10.10
21 error code ELIFECYCLE
22 error react-my-first-app@1.0.0 serve: `webpack-dev-server --content-base public --inline --hot`
22 error Exit status 1
23 error Failed at the react-my-first-app@1.0.0 serve script 'webpack-dev-server --content-base public --inline --hot'.
23 error Make sure you have the latest version of node.js and npm installed.
23 error If you do, this is most likely a problem with the react-my-first-app package,
23 error not with npm itself.
23 error Tell the author that this fails on your system:
23 error     webpack-dev-server --content-base public --inline --hot
23 error You can get information on how to open an issue for this project with:
23 error     npm bugs react-my-first-app
23 error Or if that isn't available, you can get their info via:
23 error     npm owner ls react-my-first-app
23 error There is likely additional logging output above.
24 verbose exit [ 1, true ]
